{"/home/vboxuser/frontend-project-46/formatters/index.js": {"path":"/home/vboxuser/frontend-project-46/formatters/index.js","all":false,"statementMap":{"0":{"start":{"line":1,"column":0},"end":{"line":1,"column":35}},"1":{"start":{"line":2,"column":0},"end":{"line":2,"column":31}},"2":{"start":{"line":3,"column":0},"end":{"line":3,"column":0}},"3":{"start":{"line":4,"column":0},"end":{"line":4,"column":36}},"4":{"start":{"line":5,"column":0},"end":{"line":5,"column":27}},"5":{"start":{"line":6,"column":0},"end":{"line":6,"column":23}},"6":{"start":{"line":7,"column":0},"end":{"line":7,"column":3}},"7":{"start":{"line":8,"column":0},"end":{"line":8,"column":0}},"8":{"start":{"line":9,"column":0},"end":{"line":9,"column":23}},"9":{"start":{"line":10,"column":0},"end":{"line":10,"column":2}},"10":{"start":{"line":11,"column":0},"end":{"line":11,"column":0}},"11":{"start":{"line":12,"column":0},"end":{"line":12,"column":24}}},"s":{"0":1,"1":1,"2":1,"3":1,"4":4,"5":1,"6":1,"7":3,"8":3,"9":3,"10":1,"11":1},"branchMap":{"0":{"type":"branch","line":4,"loc":{"start":{"line":4,"column":17},"end":{"line":10,"column":2}},"locations":[{"start":{"line":4,"column":17},"end":{"line":10,"column":2}}]},"1":{"type":"branch","line":5,"loc":{"start":{"line":5,"column":26},"end":{"line":7,"column":3}},"locations":[{"start":{"line":5,"column":26},"end":{"line":7,"column":3}}]},"2":{"type":"branch","line":7,"loc":{"start":{"line":7,"column":2},"end":{"line":10,"column":2}},"locations":[{"start":{"line":7,"column":2},"end":{"line":10,"column":2}}]}},"b":{"0":[4],"1":[1],"2":[3]},"fnMap":{"0":{"name":"formater","decl":{"start":{"line":4,"column":17},"end":{"line":10,"column":2}},"loc":{"start":{"line":4,"column":17},"end":{"line":10,"column":2}},"line":4}},"f":{"0":4}}
,"/home/vboxuser/frontend-project-46/formatters/plain.js": {"path":"/home/vboxuser/frontend-project-46/formatters/plain.js","all":false,"statementMap":{"0":{"start":{"line":1,"column":0},"end":{"line":1,"column":16}},"1":{"start":{"line":2,"column":0},"end":{"line":2,"column":33}},"2":{"start":{"line":3,"column":0},"end":{"line":3,"column":25}},"3":{"start":{"line":4,"column":0},"end":{"line":4,"column":26}},"4":{"start":{"line":5,"column":0},"end":{"line":5,"column":2}},"5":{"start":{"line":6,"column":0},"end":{"line":6,"column":0}},"6":{"start":{"line":7,"column":0},"end":{"line":7,"column":34}},"7":{"start":{"line":8,"column":0},"end":{"line":8,"column":52}},"8":{"start":{"line":9,"column":0},"end":{"line":9,"column":29}},"9":{"start":{"line":10,"column":0},"end":{"line":10,"column":3}},"10":{"start":{"line":11,"column":0},"end":{"line":11,"column":58}},"11":{"start":{"line":12,"column":0},"end":{"line":12,"column":2}},"12":{"start":{"line":13,"column":0},"end":{"line":13,"column":0}},"13":{"start":{"line":14,"column":0},"end":{"line":14,"column":58}},"14":{"start":{"line":15,"column":0},"end":{"line":15,"column":29}},"15":{"start":{"line":16,"column":0},"end":{"line":16,"column":0}},"16":{"start":{"line":17,"column":0},"end":{"line":17,"column":17}},"17":{"start":{"line":18,"column":0},"end":{"line":18,"column":17}},"18":{"start":{"line":19,"column":0},"end":{"line":19,"column":84}},"19":{"start":{"line":20,"column":0},"end":{"line":20,"column":19}},"20":{"start":{"line":21,"column":0},"end":{"line":21,"column":55}},"21":{"start":{"line":22,"column":0},"end":{"line":22,"column":19}},"22":{"start":{"line":23,"column":0},"end":{"line":23,"column":127}},"23":{"start":{"line":24,"column":0},"end":{"line":24,"column":16}},"24":{"start":{"line":25,"column":0},"end":{"line":25,"column":51}},"25":{"start":{"line":26,"column":0},"end":{"line":26,"column":12}},"26":{"start":{"line":27,"column":0},"end":{"line":27,"column":18}},"27":{"start":{"line":28,"column":0},"end":{"line":28,"column":3}},"28":{"start":{"line":29,"column":0},"end":{"line":29,"column":37}},"29":{"start":{"line":30,"column":0},"end":{"line":30,"column":0}},"30":{"start":{"line":31,"column":0},"end":{"line":31,"column":21}}},"s":{"0":1,"1":1,"2":1,"3":1,"4":1,"5":1,"6":1,"7":13,"8":3,"9":3,"10":13,"11":13,"12":1,"13":1,"14":18,"15":18,"16":18,"17":18,"18":5,"19":18,"20":2,"21":18,"22":4,"23":18,"24":4,"25":18,"26":3,"27":18,"28":1,"29":1,"30":1},"branchMap":{"0":{"type":"branch","line":7,"loc":{"start":{"line":7,"column":23},"end":{"line":12,"column":2}},"locations":[{"start":{"line":7,"column":23},"end":{"line":12,"column":2}}]},"1":{"type":"branch","line":8,"loc":{"start":{"line":8,"column":31},"end":{"line":8,"column":49}},"locations":[{"start":{"line":8,"column":31},"end":{"line":8,"column":49}}]},"2":{"type":"branch","line":8,"loc":{"start":{"line":8,"column":51},"end":{"line":10,"column":3}},"locations":[{"start":{"line":8,"column":51},"end":{"line":10,"column":3}}]},"3":{"type":"branch","line":10,"loc":{"start":{"line":10,"column":2},"end":{"line":11,"column":37}},"locations":[{"start":{"line":10,"column":2},"end":{"line":11,"column":37}}]},"4":{"type":"branch","line":11,"loc":{"start":{"line":11,"column":34},"end":{"line":11,"column":49}},"locations":[{"start":{"line":11,"column":34},"end":{"line":11,"column":49}}]},"5":{"type":"branch","line":11,"loc":{"start":{"line":11,"column":49},"end":{"line":11,"column":57}},"locations":[{"start":{"line":11,"column":49},"end":{"line":11,"column":57}}]},"6":{"type":"branch","line":14,"loc":{"start":{"line":14,"column":14},"end":{"line":29,"column":36}},"locations":[{"start":{"line":14,"column":14},"end":{"line":29,"column":36}}]},"7":{"type":"branch","line":14,"loc":{"start":{"line":14,"column":48},"end":{"line":29,"column":2}},"locations":[{"start":{"line":14,"column":48},"end":{"line":29,"column":2}}]},"8":{"type":"branch","line":18,"loc":{"start":{"line":18,"column":4},"end":{"line":19,"column":84}},"locations":[{"start":{"line":18,"column":4},"end":{"line":19,"column":84}}]},"9":{"type":"branch","line":20,"loc":{"start":{"line":20,"column":4},"end":{"line":21,"column":55}},"locations":[{"start":{"line":20,"column":4},"end":{"line":21,"column":55}}]},"10":{"type":"branch","line":22,"loc":{"start":{"line":22,"column":4},"end":{"line":23,"column":127}},"locations":[{"start":{"line":22,"column":4},"end":{"line":23,"column":127}}]},"11":{"type":"branch","line":24,"loc":{"start":{"line":24,"column":4},"end":{"line":25,"column":51}},"locations":[{"start":{"line":24,"column":4},"end":{"line":25,"column":51}}]},"12":{"type":"branch","line":26,"loc":{"start":{"line":26,"column":4},"end":{"line":27,"column":18}},"locations":[{"start":{"line":26,"column":4},"end":{"line":27,"column":18}}]},"13":{"type":"branch","line":29,"loc":{"start":{"line":29,"column":11},"end":{"line":29,"column":24}},"locations":[{"start":{"line":29,"column":11},"end":{"line":29,"column":24}}]}},"b":{"0":[13],"1":[4],"2":[3],"3":[10],"4":[7],"5":[3],"6":[5],"7":[18],"8":[5],"9":[2],"10":[4],"11":[4],"12":[3],"13":[18]},"fnMap":{"0":{"name":"valueToString","decl":{"start":{"line":7,"column":23},"end":{"line":12,"column":2}},"loc":{"start":{"line":7,"column":23},"end":{"line":12,"column":2}},"line":7},"1":{"name":"plain","decl":{"start":{"line":14,"column":14},"end":{"line":29,"column":36}},"loc":{"start":{"line":14,"column":14},"end":{"line":29,"column":36}},"line":14}},"f":{"0":13,"1":5}}
,"/home/vboxuser/frontend-project-46/formatters/stylish.js": {"path":"/home/vboxuser/frontend-project-46/formatters/stylish.js","all":false,"statementMap":{"0":{"start":{"line":1,"column":0},"end":{"line":1,"column":16}},"1":{"start":{"line":2,"column":0},"end":{"line":2,"column":14}},"2":{"start":{"line":3,"column":0},"end":{"line":3,"column":16}},"3":{"start":{"line":4,"column":0},"end":{"line":4,"column":2}},"4":{"start":{"line":5,"column":0},"end":{"line":5,"column":0}},"5":{"start":{"line":6,"column":0},"end":{"line":6,"column":75}},"6":{"start":{"line":7,"column":0},"end":{"line":7,"column":0}},"7":{"start":{"line":8,"column":0},"end":{"line":8,"column":56}},"8":{"start":{"line":9,"column":0},"end":{"line":9,"column":68}},"9":{"start":{"line":10,"column":0},"end":{"line":10,"column":0}},"10":{"start":{"line":11,"column":0},"end":{"line":11,"column":36}},"11":{"start":{"line":12,"column":0},"end":{"line":12,"column":68}},"12":{"start":{"line":13,"column":0},"end":{"line":13,"column":39}},"13":{"start":{"line":14,"column":0},"end":{"line":14,"column":56}},"14":{"start":{"line":15,"column":0},"end":{"line":15,"column":18}},"15":{"start":{"line":16,"column":0},"end":{"line":16,"column":34}},"16":{"start":{"line":17,"column":0},"end":{"line":17,"column":4}},"17":{"start":{"line":18,"column":0},"end":{"line":18,"column":0}},"18":{"start":{"line":19,"column":0},"end":{"line":19,"column":98}},"19":{"start":{"line":20,"column":0},"end":{"line":20,"column":2}},"20":{"start":{"line":21,"column":0},"end":{"line":21,"column":0}},"21":{"start":{"line":22,"column":0},"end":{"line":22,"column":37}},"22":{"start":{"line":23,"column":0},"end":{"line":23,"column":29}},"23":{"start":{"line":24,"column":0},"end":{"line":24,"column":0}},"24":{"start":{"line":25,"column":0},"end":{"line":25,"column":38}},"25":{"start":{"line":26,"column":0},"end":{"line":26,"column":31}},"26":{"start":{"line":27,"column":0},"end":{"line":27,"column":0}},"27":{"start":{"line":28,"column":0},"end":{"line":28,"column":19}},"28":{"start":{"line":29,"column":0},"end":{"line":29,"column":19}},"29":{"start":{"line":30,"column":0},"end":{"line":30,"column":65}},"30":{"start":{"line":31,"column":0},"end":{"line":31,"column":21}},"31":{"start":{"line":32,"column":0},"end":{"line":32,"column":65}},"32":{"start":{"line":33,"column":0},"end":{"line":33,"column":23}},"33":{"start":{"line":34,"column":0},"end":{"line":34,"column":51}},"34":{"start":{"line":35,"column":0},"end":{"line":35,"column":21}},"35":{"start":{"line":36,"column":0},"end":{"line":36,"column":43}},"36":{"start":{"line":37,"column":0},"end":{"line":37,"column":126}},"37":{"start":{"line":38,"column":0},"end":{"line":38,"column":14}},"38":{"start":{"line":39,"column":0},"end":{"line":39,"column":74}},"39":{"start":{"line":40,"column":0},"end":{"line":40,"column":5}},"40":{"start":{"line":41,"column":0},"end":{"line":41,"column":16}},"41":{"start":{"line":42,"column":0},"end":{"line":42,"column":0}},"42":{"start":{"line":43,"column":0},"end":{"line":43,"column":30}},"43":{"start":{"line":44,"column":0},"end":{"line":44,"column":2}},"44":{"start":{"line":45,"column":0},"end":{"line":45,"column":0}},"45":{"start":{"line":46,"column":0},"end":{"line":46,"column":23}}},"s":{"0":1,"1":1,"2":1,"3":1,"4":1,"5":1,"6":1,"7":1,"8":68,"9":68,"10":68,"11":14,"12":18,"13":18,"14":14,"15":14,"16":68,"17":68,"18":68,"19":68,"20":1,"21":1,"22":11,"23":11,"24":11,"25":41,"26":41,"27":41,"28":41,"29":11,"30":41,"31":6,"32":41,"33":7,"34":41,"35":9,"36":9,"37":41,"38":8,"39":41,"40":11,"41":11,"42":11,"43":11,"44":1,"45":1},"branchMap":{"0":{"type":"branch","line":6,"loc":{"start":{"line":6,"column":18},"end":{"line":6,"column":74}},"locations":[{"start":{"line":6,"column":18},"end":{"line":6,"column":74}}]},"1":{"type":"branch","line":8,"loc":{"start":{"line":8,"column":16},"end":{"line":20,"column":2}},"locations":[{"start":{"line":8,"column":16},"end":{"line":20,"column":2}}]},"2":{"type":"branch","line":9,"loc":{"start":{"line":9,"column":49},"end":{"line":9,"column":67}},"locations":[{"start":{"line":9,"column":49},"end":{"line":9,"column":67}}]},"3":{"type":"branch","line":19,"loc":{"start":{"line":19,"column":63},"end":{"line":19,"column":87}},"locations":[{"start":{"line":19,"column":63},"end":{"line":19,"column":87}}]},"4":{"type":"branch","line":19,"loc":{"start":{"line":19,"column":87},"end":{"line":19,"column":95}},"locations":[{"start":{"line":19,"column":87},"end":{"line":19,"column":95}}]},"5":{"type":"branch","line":11,"loc":{"start":{"line":11,"column":26},"end":{"line":17,"column":3}},"locations":[{"start":{"line":11,"column":26},"end":{"line":17,"column":3}}]},"6":{"type":"branch","line":12,"loc":{"start":{"line":12,"column":41},"end":{"line":15,"column":5}},"locations":[{"start":{"line":12,"column":41},"end":{"line":15,"column":5}}]},"7":{"type":"branch","line":22,"loc":{"start":{"line":22,"column":16},"end":{"line":44,"column":2}},"locations":[{"start":{"line":22,"column":16},"end":{"line":44,"column":2}}]},"8":{"type":"branch","line":25,"loc":{"start":{"line":25,"column":28},"end":{"line":41,"column":3}},"locations":[{"start":{"line":25,"column":28},"end":{"line":41,"column":3}}]},"9":{"type":"branch","line":29,"loc":{"start":{"line":29,"column":6},"end":{"line":30,"column":65}},"locations":[{"start":{"line":29,"column":6},"end":{"line":30,"column":65}}]},"10":{"type":"branch","line":31,"loc":{"start":{"line":31,"column":6},"end":{"line":32,"column":65}},"locations":[{"start":{"line":31,"column":6},"end":{"line":32,"column":65}}]},"11":{"type":"branch","line":33,"loc":{"start":{"line":33,"column":6},"end":{"line":34,"column":51}},"locations":[{"start":{"line":33,"column":6},"end":{"line":34,"column":51}}]},"12":{"type":"branch","line":35,"loc":{"start":{"line":35,"column":6},"end":{"line":37,"column":126}},"locations":[{"start":{"line":35,"column":6},"end":{"line":37,"column":126}}]},"13":{"type":"branch","line":38,"loc":{"start":{"line":38,"column":6},"end":{"line":39,"column":74}},"locations":[{"start":{"line":38,"column":6},"end":{"line":39,"column":74}}]}},"b":{"0":[25],"1":[68],"2":[16],"3":[14],"4":[54],"5":[14],"6":[18],"7":[11],"8":[41],"9":[11],"10":[6],"11":[7],"12":[9],"13":[8]},"fnMap":{"0":{"name":"stringify","decl":{"start":{"line":6,"column":18},"end":{"line":6,"column":74}},"loc":{"start":{"line":6,"column":18},"end":{"line":6,"column":74}},"line":6},"1":{"name":"makeStr","decl":{"start":{"line":8,"column":16},"end":{"line":20,"column":2}},"loc":{"start":{"line":8,"column":16},"end":{"line":20,"column":2}},"line":8},"2":{"name":"objectToString","decl":{"start":{"line":11,"column":26},"end":{"line":17,"column":3}},"loc":{"start":{"line":11,"column":26},"end":{"line":17,"column":3}},"line":11},"3":{"name":"stylish","decl":{"start":{"line":22,"column":16},"end":{"line":44,"column":2}},"loc":{"start":{"line":22,"column":16},"end":{"line":44,"column":2}},"line":22}},"f":{"0":25,"1":68,"2":14,"3":11}}
,"/home/vboxuser/frontend-project-46/src/gendiffSrc.js": {"path":"/home/vboxuser/frontend-project-46/src/gendiffSrc.js","all":false,"statementMap":{"0":{"start":{"line":1,"column":0},"end":{"line":1,"column":24}},"1":{"start":{"line":2,"column":0},"end":{"line":2,"column":20}},"2":{"start":{"line":3,"column":0},"end":{"line":3,"column":31}},"3":{"start":{"line":4,"column":0},"end":{"line":4,"column":41}},"4":{"start":{"line":5,"column":0},"end":{"line":5,"column":46}},"5":{"start":{"line":6,"column":0},"end":{"line":6,"column":0}},"6":{"start":{"line":7,"column":0},"end":{"line":7,"column":72}},"7":{"start":{"line":8,"column":0},"end":{"line":8,"column":64}},"8":{"start":{"line":9,"column":0},"end":{"line":9,"column":93}},"9":{"start":{"line":10,"column":0},"end":{"line":10,"column":0}},"10":{"start":{"line":11,"column":0},"end":{"line":11,"column":51}},"11":{"start":{"line":12,"column":0},"end":{"line":12,"column":47}},"12":{"start":{"line":13,"column":0},"end":{"line":13,"column":47}},"13":{"start":{"line":14,"column":0},"end":{"line":14,"column":0}},"14":{"start":{"line":15,"column":0},"end":{"line":15,"column":39}},"15":{"start":{"line":16,"column":0},"end":{"line":16,"column":39}},"16":{"start":{"line":17,"column":0},"end":{"line":17,"column":0}},"17":{"start":{"line":18,"column":0},"end":{"line":18,"column":39}},"18":{"start":{"line":19,"column":0},"end":{"line":19,"column":0}},"19":{"start":{"line":20,"column":0},"end":{"line":20,"column":32}},"20":{"start":{"line":21,"column":0},"end":{"line":21,"column":2}},"21":{"start":{"line":22,"column":0},"end":{"line":22,"column":0}},"22":{"start":{"line":23,"column":0},"end":{"line":23,"column":23}}},"s":{"0":1,"1":1,"2":1,"3":1,"4":1,"5":1,"6":1,"7":1,"8":1,"9":1,"10":1,"11":4,"12":4,"13":4,"14":4,"15":4,"16":4,"17":4,"18":4,"19":4,"20":4,"21":1,"22":1},"branchMap":{"0":{"type":"branch","line":7,"loc":{"start":{"line":7,"column":21},"end":{"line":7,"column":71}},"locations":[{"start":{"line":7,"column":21},"end":{"line":7,"column":71}}]},"1":{"type":"branch","line":8,"loc":{"start":{"line":8,"column":19},"end":{"line":8,"column":63}},"locations":[{"start":{"line":8,"column":19},"end":{"line":8,"column":63}}]},"2":{"type":"branch","line":9,"loc":{"start":{"line":9,"column":17},"end":{"line":9,"column":92}},"locations":[{"start":{"line":9,"column":17},"end":{"line":9,"column":92}}]},"3":{"type":"branch","line":11,"loc":{"start":{"line":11,"column":16},"end":{"line":21,"column":2}},"locations":[{"start":{"line":11,"column":16},"end":{"line":21,"column":2}}]}},"b":{"0":[8],"1":[8],"2":[8],"3":[4]},"fnMap":{"0":{"name":"getFullPath","decl":{"start":{"line":7,"column":21},"end":{"line":7,"column":71}},"loc":{"start":{"line":7,"column":21},"end":{"line":7,"column":71}},"line":7},"1":{"name":"extFormat","decl":{"start":{"line":8,"column":19},"end":{"line":8,"column":63}},"loc":{"start":{"line":8,"column":19},"end":{"line":8,"column":63}},"line":8},"2":{"name":"getData","decl":{"start":{"line":9,"column":17},"end":{"line":9,"column":92}},"loc":{"start":{"line":9,"column":17},"end":{"line":9,"column":92}},"line":9},"3":{"name":"gendiff","decl":{"start":{"line":11,"column":16},"end":{"line":21,"column":2}},"loc":{"start":{"line":11,"column":16},"end":{"line":21,"column":2}},"line":11}},"f":{"0":8,"1":8,"2":8,"3":4}}
,"/home/vboxuser/frontend-project-46/src/parse.js": {"path":"/home/vboxuser/frontend-project-46/src/parse.js","all":false,"statementMap":{"0":{"start":{"line":1,"column":0},"end":{"line":1,"column":27}},"1":{"start":{"line":2,"column":0},"end":{"line":2,"column":0}},"2":{"start":{"line":3,"column":0},"end":{"line":3,"column":17}},"3":{"start":{"line":4,"column":0},"end":{"line":4,"column":19}},"4":{"start":{"line":5,"column":0},"end":{"line":5,"column":18}},"5":{"start":{"line":6,"column":0},"end":{"line":6,"column":17}},"6":{"start":{"line":7,"column":0},"end":{"line":7,"column":2}},"7":{"start":{"line":8,"column":0},"end":{"line":8,"column":0}},"8":{"start":{"line":9,"column":0},"end":{"line":9,"column":55}}},"s":{"0":1,"1":1,"2":1,"3":1,"4":1,"5":1,"6":1,"7":1,"8":1},"branchMap":{"0":{"type":"branch","line":9,"loc":{"start":{"line":9,"column":15},"end":{"line":9,"column":54}},"locations":[{"start":{"line":9,"column":15},"end":{"line":9,"column":54}}]}},"b":{"0":[8]},"fnMap":{"0":{"name":"default","decl":{"start":{"line":9,"column":15},"end":{"line":9,"column":54}},"loc":{"start":{"line":9,"column":15},"end":{"line":9,"column":54}},"line":9}},"f":{"0":8}}
,"/home/vboxuser/frontend-project-46/src/treeBuilder.js": {"path":"/home/vboxuser/frontend-project-46/src/treeBuilder.js","all":false,"statementMap":{"0":{"start":{"line":1,"column":0},"end":{"line":1,"column":23}},"1":{"start":{"line":2,"column":0},"end":{"line":2,"column":0}},"2":{"start":{"line":3,"column":0},"end":{"line":3,"column":37}},"3":{"start":{"line":4,"column":0},"end":{"line":4,"column":70}},"4":{"start":{"line":5,"column":0},"end":{"line":5,"column":0}},"5":{"start":{"line":6,"column":0},"end":{"line":6,"column":28}},"6":{"start":{"line":7,"column":0},"end":{"line":7,"column":69}},"7":{"start":{"line":8,"column":0},"end":{"line":8,"column":80}},"8":{"start":{"line":9,"column":0},"end":{"line":9,"column":5}},"9":{"start":{"line":10,"column":0},"end":{"line":10,"column":77}},"10":{"start":{"line":11,"column":0},"end":{"line":11,"column":79}},"11":{"start":{"line":12,"column":0},"end":{"line":12,"column":45}},"12":{"start":{"line":13,"column":0},"end":{"line":13,"column":14}},"13":{"start":{"line":14,"column":0},"end":{"line":14,"column":73}},"14":{"start":{"line":15,"column":0},"end":{"line":15,"column":8}},"15":{"start":{"line":16,"column":0},"end":{"line":16,"column":5}},"16":{"start":{"line":17,"column":0},"end":{"line":17,"column":57}},"17":{"start":{"line":18,"column":0},"end":{"line":18,"column":5}},"18":{"start":{"line":19,"column":0},"end":{"line":19,"column":2}},"19":{"start":{"line":20,"column":0},"end":{"line":20,"column":0}},"20":{"start":{"line":21,"column":0},"end":{"line":21,"column":25}}},"s":{"0":1,"1":1,"2":1,"3":16,"4":16,"5":16,"6":59,"7":12,"8":12,"9":59,"10":59,"11":59,"12":13,"13":13,"14":13,"15":13,"16":10,"17":16,"18":16,"19":1,"20":1},"branchMap":{"0":{"type":"branch","line":3,"loc":{"start":{"line":3,"column":18},"end":{"line":19,"column":2}},"locations":[{"start":{"line":3,"column":18},"end":{"line":19,"column":2}}]},"1":{"type":"branch","line":6,"loc":{"start":{"line":6,"column":19},"end":{"line":18,"column":3}},"locations":[{"start":{"line":6,"column":19},"end":{"line":18,"column":3}}]},"2":{"type":"branch","line":7,"loc":{"start":{"line":7,"column":35},"end":{"line":7,"column":66}},"locations":[{"start":{"line":7,"column":35},"end":{"line":7,"column":66}}]},"3":{"type":"branch","line":7,"loc":{"start":{"line":7,"column":68},"end":{"line":9,"column":5}},"locations":[{"start":{"line":7,"column":68},"end":{"line":9,"column":5}}]},"4":{"type":"branch","line":9,"loc":{"start":{"line":9,"column":4},"end":{"line":10,"column":28}},"locations":[{"start":{"line":9,"column":4},"end":{"line":10,"column":28}}]},"5":{"type":"branch","line":10,"loc":{"start":{"line":10,"column":28},"end":{"line":10,"column":77}},"locations":[{"start":{"line":10,"column":28},"end":{"line":10,"column":77}}]},"6":{"type":"branch","line":10,"loc":{"start":{"line":10,"column":76},"end":{"line":11,"column":28}},"locations":[{"start":{"line":10,"column":76},"end":{"line":11,"column":28}}]},"7":{"type":"branch","line":11,"loc":{"start":{"line":11,"column":28},"end":{"line":11,"column":79}},"locations":[{"start":{"line":11,"column":28},"end":{"line":11,"column":79}}]},"8":{"type":"branch","line":11,"loc":{"start":{"line":11,"column":78},"end":{"line":12,"column":44}},"locations":[{"start":{"line":11,"column":78},"end":{"line":12,"column":44}}]},"9":{"type":"branch","line":12,"loc":{"start":{"line":12,"column":44},"end":{"line":16,"column":5}},"locations":[{"start":{"line":12,"column":44},"end":{"line":16,"column":5}}]},"10":{"type":"branch","line":16,"loc":{"start":{"line":16,"column":4},"end":{"line":18,"column":3}},"locations":[{"start":{"line":16,"column":4},"end":{"line":18,"column":3}}]}},"b":{"0":[16],"1":[59],"2":[18],"3":[12],"4":[47],"5":[16],"6":[31],"7":[8],"8":[23],"9":[13],"10":[10]},"fnMap":{"0":{"name":"buildTree","decl":{"start":{"line":3,"column":18},"end":{"line":19,"column":2}},"loc":{"start":{"line":3,"column":18},"end":{"line":19,"column":2}},"line":3}},"f":{"0":16}}
}
