TN:
SF:src/gendiffSrc.js
FN:9,getFullPath
FN:10,extFormat
FN:11,getData
FN:13,gendiff
FNF:4
FNH:4
FNDA:10,getFullPath
FNDA:10,extFormat
FNDA:10,getData
FNDA:5,gendiff
DA:1,1
DA:2,1
DA:3,1
DA:4,1
DA:5,1
DA:6,1
DA:7,1
DA:8,1
DA:9,1
DA:10,1
DA:11,1
DA:12,1
DA:13,1
DA:14,5
DA:15,5
DA:16,5
DA:17,5
DA:18,5
DA:19,5
DA:20,5
DA:21,5
DA:22,5
DA:23,5
DA:24,1
DA:25,1
LF:25
LH:25
BRDA:9,0,0,10
BRDA:10,1,0,10
BRDA:11,2,0,10
BRDA:13,3,0,5
BRF:4
BRH:4
end_of_record
TN:
SF:src/parse.js
FN:9,default
FNF:1
FNH:1
FNDA:10,default
DA:1,1
DA:2,1
DA:3,1
DA:4,1
DA:5,1
DA:6,1
DA:7,1
DA:8,1
DA:9,1
LF:9
LH:9
BRDA:9,0,0,10
BRF:1
BRH:1
end_of_record
TN:
SF:src/treeBuilder.js
FN:3,buildTree
FNF:1
FNH:1
FNDA:25,buildTree
DA:1,1
DA:2,1
DA:3,1
DA:4,25
DA:5,25
DA:6,25
DA:7,90
DA:8,20
DA:9,20
DA:10,90
DA:11,90
DA:12,90
DA:13,20
DA:14,20
DA:15,20
DA:16,20
DA:17,15
DA:18,25
DA:19,25
DA:20,1
DA:21,1
LF:21
LH:21
BRDA:3,0,0,25
BRDA:6,1,0,90
BRDA:7,2,0,30
BRDA:7,3,0,20
BRDA:9,4,0,70
BRDA:10,5,0,25
BRDA:10,6,0,45
BRDA:11,7,0,10
BRDA:11,8,0,35
BRDA:12,9,0,20
BRDA:16,10,0,15
BRF:11
BRH:11
end_of_record
TN:
SF:src/formatters/index.js
FN:11,default
FNF:1
FNH:1
FNDA:5,default
DA:1,1
DA:2,1
DA:3,1
DA:4,1
DA:5,1
DA:6,1
DA:7,1
DA:8,1
DA:9,1
DA:10,1
DA:11,1
DA:12,1
DA:13,1
DA:14,1
DA:15,1
DA:16,1
DA:17,1
DA:18,1
DA:19,1
DA:20,1
DA:21,1
DA:22,1
LF:22
LH:22
BRDA:11,0,0,5
BRF:1
BRH:1
end_of_record
TN:
SF:src/formatters/json.js
FN:1,json
FNF:1
FNH:1
FNDA:1,json
DA:1,1
DA:2,1
DA:3,1
LF:3
LH:3
BRDA:1,0,0,1
BRF:1
BRH:1
end_of_record
TN:
SF:src/formatters/plain.js
FN:7,valueToString
FN:14,plain
FNF:2
FNH:2
FNDA:13,valueToString
FNDA:5,plain
DA:1,1
DA:2,1
DA:3,1
DA:4,1
DA:5,1
DA:6,1
DA:7,1
DA:8,13
DA:9,3
DA:10,3
DA:11,13
DA:12,13
DA:13,1
DA:14,1
DA:15,18
DA:16,18
DA:17,18
DA:18,18
DA:19,5
DA:20,18
DA:21,2
DA:22,18
DA:23,4
DA:24,18
DA:25,4
DA:26,18
DA:27,3
DA:28,18
DA:29,1
DA:30,1
DA:31,1
LF:31
LH:31
BRDA:7,0,0,13
BRDA:8,1,0,4
BRDA:8,2,0,3
BRDA:10,3,0,10
BRDA:11,4,0,7
BRDA:11,5,0,3
BRDA:14,6,0,5
BRDA:14,7,0,18
BRDA:18,8,0,5
BRDA:20,9,0,2
BRDA:22,10,0,4
BRDA:24,11,0,4
BRDA:26,12,0,3
BRDA:29,13,0,18
BRF:14
BRH:14
end_of_record
TN:
SF:src/formatters/stylish.js
FN:6,stringify
FN:8,makeStr
FN:11,objectToString
FN:22,stylish
FNF:4
FNH:4
FNDA:36,stringify
FNDA:93,makeStr
FNDA:21,objectToString
FNDA:15,stylish
DA:1,1
DA:2,1
DA:3,1
DA:4,1
DA:5,1
DA:6,1
DA:7,1
DA:8,1
DA:9,93
DA:10,93
DA:11,93
DA:12,21
DA:13,27
DA:14,27
DA:15,21
DA:16,21
DA:17,93
DA:18,93
DA:19,93
DA:20,93
DA:21,1
DA:22,1
DA:23,15
DA:24,15
DA:25,15
DA:26,54
DA:27,54
DA:28,54
DA:29,54
DA:30,15
DA:31,54
DA:32,6
DA:33,54
DA:34,9
DA:35,54
DA:36,12
DA:37,12
DA:38,54
DA:39,12
DA:40,54
DA:41,15
DA:42,15
DA:43,15
DA:44,15
DA:45,1
DA:46,1
LF:46
LH:46
BRDA:6,0,0,36
BRDA:8,1,0,93
BRDA:9,2,0,24
BRDA:19,3,0,21
BRDA:19,4,0,72
BRDA:11,5,0,21
BRDA:12,6,0,27
BRDA:22,7,0,15
BRDA:25,8,0,54
BRDA:29,9,0,15
BRDA:31,10,0,6
BRDA:33,11,0,9
BRDA:35,12,0,12
BRDA:38,13,0,12
BRF:14
BRH:14
end_of_record
