TN:
SF:src/gendiffSrc.js
FN:7,getFullPath
FN:8,extFormat
FN:9,getData
FN:11,gendiff
FNF:4
FNH:4
FNDA:2,getFullPath
FNDA:2,extFormat
FNDA:2,getData
FNDA:1,gendiff
DA:1,1
DA:2,1
DA:3,1
DA:4,1
DA:5,1
DA:6,1
DA:7,1
DA:8,1
DA:9,1
DA:10,1
DA:11,1
DA:12,1
DA:13,1
DA:14,1
DA:15,1
DA:16,1
DA:17,1
DA:18,1
DA:19,1
DA:20,1
DA:21,1
DA:22,1
DA:23,1
LF:23
LH:23
BRDA:7,0,0,2
BRDA:8,1,0,2
BRDA:9,2,0,2
BRDA:11,3,0,1
BRF:4
BRH:4
end_of_record
TN:
SF:src/parse.js
FN:9,default
FNF:1
FNH:1
FNDA:2,default
DA:1,1
DA:2,1
DA:3,1
DA:4,1
DA:5,1
DA:6,1
DA:7,1
DA:8,1
DA:9,1
LF:9
LH:9
BRDA:9,0,0,2
BRF:1
BRH:1
end_of_record
TN:
SF:src/printResult.js
FN:1,printResult
FNF:1
FNH:1
FNDA:1,printResult
DA:1,1
DA:2,1
DA:3,1
DA:4,5
DA:5,5
DA:6,2
DA:7,2
DA:8,5
DA:9,1
DA:10,1
DA:11,5
DA:12,1
DA:13,1
DA:14,5
DA:15,1
DA:16,1
DA:17,5
DA:18,5
DA:19,1
DA:20,1
DA:21,1
DA:22,1
DA:23,1
LF:23
LH:23
BRDA:1,0,0,1
BRDA:3,1,0,5
BRDA:5,2,0,2
BRDA:8,3,0,1
BRDA:11,4,0,1
BRDA:14,5,0,1
BRF:6
BRH:6
end_of_record
TN:
SF:src/treeBuilder.js
FN:3,buildTree
FNF:1
FNH:1
FNDA:1,buildTree
DA:1,1
DA:2,1
DA:3,1
DA:4,1
DA:5,1
DA:6,1
DA:7,5
DA:8,0
DA:9,0
DA:10,5
DA:11,5
DA:12,5
DA:13,1
DA:14,1
DA:15,1
DA:16,1
DA:17,1
DA:18,1
DA:19,1
DA:20,1
DA:21,1
LF:21
LH:19
BRDA:3,0,0,1
BRDA:6,1,0,5
BRDA:7,2,0,0
BRDA:7,3,0,0
BRDA:10,4,0,1
BRDA:10,5,0,4
BRDA:11,6,0,2
BRDA:12,7,0,1
BRF:8
BRH:6
end_of_record
